Fitter report for inv
Mon Oct 14 15:47:58 2013
Quartus II Version 7.2 Build 151 09/26/2007 SJ Full Version


---------------------
; Table of Contents ;
---------------------
  1. Legal Notice
  2. Fitter Summary
  3. Fitter Settings
  4. Pin-Out File
  5. Fitter Resource Usage Summary
  6. Input Pins
  7. Output Pins
  8. I/O Bank Usage
  9. All Package Pins
 10. Output Pin Default Load For Reported TCO
 11. Fitter Resource Utilization by Entity
 12. Delay Chain Summary
 13. Control Signals
 14. Global & Other Fast Signals
 15. Non-Global High Fan-Out Signals
 16. Interconnect Usage Summary
 17. LAB Logic Elements
 18. LAB-wide Signals
 19. LAB Signals Sourced
 20. LAB Signals Sourced Out
 21. LAB Distinct Inputs
 22. Fitter Device Options
 23. Fitter Messages
 24. Fitter Suppressed Messages



----------------
; Legal Notice ;
----------------
Copyright (C) 1991-2007 Altera Corporation
Your use of Altera Corporation's design tools, logic functions 
and other software and tools, and its AMPP partner logic 
functions, and any output files from any of the foregoing 
(including device programming or simulation files), and any 
associated documentation or information are expressly subject 
to the terms and conditions of the Altera Program License 
Subscription Agreement, Altera MegaCore Function License 
Agreement, or other applicable license agreement, including, 
without limitation, that your use is for the sole purpose of 
programming logic devices manufactured by Altera and sold by 
Altera or its authorized distributors.  Please refer to the 
applicable agreement for further details.



+------------------------------------------------------------------+
; Fitter Summary                                                   ;
+-----------------------+------------------------------------------+
; Fitter Status         ; Successful - Mon Oct 14 15:47:58 2013    ;
; Quartus II Version    ; 7.2 Build 151 09/26/2007 SJ Full Version ;
; Revision Name         ; inv                                      ;
; Top-level Entity Name ; inv                                      ;
; Family                ; MAX II                                   ;
; Device                ; EPM240T100I5                             ;
; Timing Models         ; Final                                    ;
; Total logic elements  ; 204 / 240 ( 85 % )                       ;
; Total pins            ; 69 / 80 ( 86 % )                         ;
; Total virtual pins    ; 0                                        ;
; UFM blocks            ; 0 / 1 ( 0 % )                            ;
+-----------------------+------------------------------------------+


+--------------------------------------------------------------------------------------------------------------------------------------+
; Fitter Settings                                                                                                                      ;
+--------------------------------------------------------------------+--------------------------------+--------------------------------+
; Option                                                             ; Setting                        ; Default Value                  ;
+--------------------------------------------------------------------+--------------------------------+--------------------------------+
; Device                                                             ; EPM240T100I5                   ;                                ;
; Minimum Core Junction Temperature                                  ; -40                            ;                                ;
; Maximum Core Junction Temperature                                  ; 100                            ;                                ;
; Fit Attempts to Skip                                               ; 0                              ; 0.0                            ;
; Fitter Effort                                                      ; Standard Fit                   ; Auto Fit                       ;
; Use smart compilation                                              ; Off                            ; Off                            ;
; Maximum processors allowed for parallel compilation                ; 1                              ; 1                              ;
; Use TimeQuest Timing Analyzer                                      ; Off                            ; Off                            ;
; Router Timing Optimization Level                                   ; Normal                         ; Normal                         ;
; Placement Effort Multiplier                                        ; 1.0                            ; 1.0                            ;
; Router Effort Multiplier                                           ; 1.0                            ; 1.0                            ;
; Always Enable Input Buffers                                        ; Off                            ; Off                            ;
; Optimize Hold Timing                                               ; IO Paths and Minimum TPD Paths ; IO Paths and Minimum TPD Paths ;
; Optimize Fast-Corner Timing                                        ; Off                            ; Off                            ;
; Equivalent RAM and MLAB Paused Read Capabilities                   ; Care                           ; Care                           ;
; Guarantee I/O Paths Have Zero Hold Time at Fast Corner             ; On                             ; On                             ;
; PowerPlay Power Optimization                                       ; Normal compilation             ; Normal compilation             ;
; Optimize Timing                                                    ; Normal compilation             ; Normal compilation             ;
; Optimize IOC Register Placement for Timing                         ; On                             ; On                             ;
; Limit to One Fitting Attempt                                       ; Off                            ; Off                            ;
; Final Placement Optimizations                                      ; Automatically                  ; Automatically                  ;
; Fitter Aggressive Routability Optimizations                        ; Automatically                  ; Automatically                  ;
; Fitter Initial Placement Seed                                      ; 1                              ; 1                              ;
; Slow Slew Rate                                                     ; Off                            ; Off                            ;
; PCI I/O                                                            ; Off                            ; Off                            ;
; Weak Pull-Up Resistor                                              ; Off                            ; Off                            ;
; Enable Bus-Hold Circuitry                                          ; Off                            ; Off                            ;
; Auto Delay Chains                                                  ; On                             ; On                             ;
; Perform Physical Synthesis for Combinational Logic for Performance ; Off                            ; Off                            ;
; Perform Register Duplication for Performance                       ; Off                            ; Off                            ;
; Perform Register Retiming for Performance                          ; Off                            ; Off                            ;
; Perform Asynchronous Signal Pipelining                             ; Off                            ; Off                            ;
; Physical Synthesis Effort Level                                    ; Normal                         ; Normal                         ;
; Logic Cell Insertion - Logic Duplication                           ; Auto                           ; Auto                           ;
; Auto Register Duplication                                          ; Auto                           ; Auto                           ;
; Auto Global Clock                                                  ; On                             ; On                             ;
; Auto Global Register Control Signals                               ; On                             ; On                             ;
; Stop After Congestion Map Generation                               ; Off                            ; Off                            ;
; Save Intermediate Fitting Results                                  ; Off                            ; Off                            ;
+--------------------------------------------------------------------+--------------------------------+--------------------------------+


+--------------+
; Pin-Out File ;
+--------------+
The pin-out file can be found in F:/svn/CPLD/PCS/code/Trunk/PCS_CPLD/9.0030.010801/inv.pin.


+----------------------------------------------------------------------------+
; Fitter Resource Usage Summary                                              ;
+---------------------------------------------+------------------------------+
; Resource                                    ; Usage                        ;
+---------------------------------------------+------------------------------+
; Total logic elements                        ; 204 / 240 ( 85 % )           ;
;     -- Combinational with no register       ; 67                           ;
;     -- Register only                        ; 36                           ;
;     -- Combinational with a register        ; 101                          ;
;                                             ;                              ;
; Logic element usage by number of LUT inputs ;                              ;
;     -- 4 input functions                    ; 44                           ;
;     -- 3 input functions                    ; 63                           ;
;     -- 2 input functions                    ; 46                           ;
;     -- 1 input functions                    ; 22                           ;
;     -- 0 input functions                    ; 29                           ;
;                                             ;                              ;
; Logic elements by mode                      ;                              ;
;     -- normal mode                          ; 172                          ;
;     -- arithmetic mode                      ; 32                           ;
;     -- qfbk mode                            ; 0                            ;
;     -- register cascade mode                ; 0                            ;
;     -- synchronous clear/load mode          ; 30                           ;
;     -- asynchronous clear/load mode         ; 8                            ;
;                                             ;                              ;
; Total registers                             ; 137 / 240 ( 57 % )           ;
; Total LABs                                  ; 22 / 24 ( 92 % )             ;
; Logic elements in carry chains              ; 40                           ;
; User inserted logic elements                ; 0                            ;
; Virtual pins                                ; 0                            ;
; I/O pins                                    ; 69 / 80 ( 86 % )             ;
;     -- Clock pins                           ; 2                            ;
; Global signals                              ; 2                            ;
; UFM blocks                                  ; 0 / 1 ( 0 % )                ;
; Global clocks                               ; 2 / 4 ( 50 % )               ;
; Average interconnect usage                  ; 9%                           ;
; Peak interconnect usage                     ; 9%                           ;
; Maximum fan-out node                        ; clk                          ;
; Maximum fan-out                             ; 129                          ;
; Highest non-global fan-out signal           ; ILIMIT50US:inst18|current_st ;
; Highest non-global fan-out                  ; 11                           ;
; Total fan-out                               ; 699                          ;
; Average fan-out                             ; 2.56                         ;
+---------------------------------------------+------------------------------+


+---------------------------------------------------------------------------------------------------------------------------------------------------------------------------------------------------------------------------+
; Input Pins                                                                                                                                                                                                                ;
+--------------------+-------+----------+--------------+--------------+-------------+-----------------------+--------------------+--------+-----------------+----------+--------------+--------------+----------------------+
; Name               ; Pin # ; I/O Bank ; X coordinate ; Y coordinate ; Cell number ; Combinational Fan-Out ; Registered Fan-Out ; Global ; PCI I/O Enabled ; Bus Hold ; Weak Pull Up ; I/O Standard ; Location assigned by ;
+--------------------+-------+----------+--------------+--------------+-------------+-----------------------+--------------------+--------+-----------------+----------+--------------+--------------+----------------------+
; 15VPower           ; 17    ; 1        ; 1            ; 2            ; 3           ; 1                     ; 0                  ; no     ; no              ; no       ; Off          ; 3.3-V LVTTL  ; User                 ;
; AuxBreakSta        ; 55    ; 2        ; 8            ; 1            ; 1           ; 1                     ; 0                  ; no     ; no              ; no       ; Off          ; 3.3-V LVTTL  ; User                 ;
; DCSwSta            ; 40    ; 1        ; 5            ; 0            ; 2           ; 1                     ; 0                  ; no     ; no              ; no       ; Off          ; 3.3-V LVTTL  ; User                 ;
; EPWM1A             ; 78    ; 2        ; 7            ; 5            ; 3           ; 2                     ; 0                  ; no     ; no              ; no       ; Off          ; 3.3-V LVTTL  ; User                 ;
; EPWM1B             ; 77    ; 2        ; 7            ; 5            ; 2           ; 2                     ; 0                  ; no     ; no              ; no       ; Off          ; 3.3-V LVTTL  ; User                 ;
; EPWM2A             ; 76    ; 2        ; 7            ; 5            ; 1           ; 2                     ; 0                  ; no     ; no              ; no       ; Off          ; 3.3-V LVTTL  ; User                 ;
; EPWM2B             ; 75    ; 2        ; 7            ; 5            ; 0           ; 2                     ; 0                  ; no     ; no              ; no       ; Off          ; 3.3-V LVTTL  ; User                 ;
; EPWM3A             ; 74    ; 2        ; 8            ; 4            ; 0           ; 2                     ; 0                  ; no     ; no              ; no       ; Off          ; 3.3-V LVTTL  ; User                 ;
; EPWM3B             ; 73    ; 2        ; 8            ; 4            ; 1           ; 2                     ; 0                  ; no     ; no              ; no       ; Off          ; 3.3-V LVTTL  ; User                 ;
; EPWM5A             ; 70    ; 2        ; 8            ; 4            ; 4           ; 1                     ; 0                  ; no     ; no              ; no       ; Off          ; 3.3-V LVTTL  ; User                 ;
; EPWM6B             ; 67    ; 2        ; 8            ; 3            ; 2           ; 2                     ; 0                  ; no     ; no              ; no       ; Off          ; 3.3-V LVTTL  ; User                 ;
; EmergnecyButtonSta ; 43    ; 1        ; 6            ; 0            ; 3           ; 1                     ; 0                  ; no     ; no              ; no       ; Off          ; 3.3-V LVTTL  ; User                 ;
; IGBTHalt1          ; 58    ; 2        ; 8            ; 2            ; 2           ; 1                     ; 0                  ; no     ; no              ; no       ; Off          ; 3.3-V LVTTL  ; User                 ;
; IGBTHalt2          ; 42    ; 1        ; 5            ; 0            ; 0           ; 1                     ; 0                  ; no     ; no              ; no       ; Off          ; 3.3-V LVTTL  ; User                 ;
; IGBTHalt3          ; 41    ; 1        ; 5            ; 0            ; 1           ; 1                     ; 0                  ; no     ; no              ; no       ; Off          ; 3.3-V LVTTL  ; User                 ;
; In_Node4           ; 35    ; 1        ; 3            ; 0            ; 0           ; 1                     ; 0                  ; no     ; no              ; no       ; Off          ; 3.3-V LVTTL  ; User                 ;
; MCU_Sta            ; 64    ; 2        ; 8            ; 3            ; 4           ; 2                     ; 0                  ; no     ; no              ; no       ; Off          ; 3.3-V LVTTL  ; User                 ;
; MasRlySta          ; 44    ; 1        ; 6            ; 0            ; 2           ; 1                     ; 0                  ; no     ; no              ; no       ; Off          ; 3.3-V LVTTL  ; User                 ;
; OCP                ; 56    ; 2        ; 8            ; 1            ; 0           ; 1                     ; 0                  ; no     ; no              ; no       ; Off          ; 3.3-V LVTTL  ; User                 ;
; OVP                ; 20    ; 1        ; 1            ; 1            ; 2           ; 1                     ; 0                  ; no     ; no              ; no       ; Off          ; 3.3-V LVTTL  ; User                 ;
; Out_Node1          ; 2     ; 1        ; 1            ; 4            ; 0           ; 1                     ; 0                  ; no     ; no              ; no       ; Off          ; 3.3-V LVTTL  ; User                 ;
; Out_Node2          ; 1     ; 2        ; 2            ; 5            ; 3           ; 1                     ; 0                  ; no     ; no              ; no       ; Off          ; 3.3-V LVTTL  ; User                 ;
; SGLimit            ; 57    ; 2        ; 8            ; 2            ; 3           ; 2                     ; 0                  ; no     ; no              ; no       ; Off          ; 3.3-V LVTTL  ; User                 ;
; Unlock             ; 96    ; 2        ; 3            ; 5            ; 2           ; 2                     ; 0                  ; no     ; no              ; no       ; Off          ; 3.3-V LVTTL  ; User                 ;
; clk                ; 12    ; 1        ; 1            ; 3            ; 3           ; 129                   ; 0                  ; yes    ; no              ; no       ; Off          ; 3.3-V LVTTL  ; User                 ;
; midACFanCtr        ; 8     ; 1        ; 1            ; 3            ; 2           ; 1                     ; 0                  ; no     ; no              ; no       ; Off          ; 3.3-V LVTTL  ; User                 ;
; midDCBraskCutoff   ; 91    ; 2        ; 4            ; 5            ; 2           ; 1                     ; 0                  ; no     ; no              ; no       ; Off          ; 3.3-V LVTTL  ; User                 ;
; midDirverPowCtr    ; 97    ; 2        ; 3            ; 5            ; 3           ; 1                     ; 0                  ; no     ; no              ; no       ; Off          ; 3.3-V LVTTL  ; User                 ;
; midIn_Node2        ; 38    ; 1        ; 4            ; 0            ; 0           ; 1                     ; 0                  ; no     ; no              ; no       ; Off          ; 3.3-V LVTTL  ; User                 ;
; midIn_Node3        ; 36    ; 1        ; 4            ; 0            ; 2           ; 1                     ; 0                  ; no     ; no              ; no       ; Off          ; 3.3-V LVTTL  ; User                 ;
; midMastRlyCtr      ; 6     ; 1        ; 1            ; 3            ; 0           ; 1                     ; 0                  ; no     ; no              ; no       ; Off          ; 3.3-V LVTTL  ; User                 ;
; midNGR_Ctr         ; 92    ; 2        ; 3            ; 5            ; 0           ; 1                     ; 0                  ; no     ; no              ; no       ; Off          ; 3.3-V LVTTL  ; User                 ;
; midOut_Node3       ; 89    ; 2        ; 4            ; 5            ; 0           ; 1                     ; 0                  ; no     ; no              ; no       ; Off          ; 3.3-V LVTTL  ; User                 ;
; midPGR_Ctr         ; 95    ; 2        ; 3            ; 5            ; 1           ; 1                     ; 0                  ; no     ; no              ; no       ; Off          ; 3.3-V LVTTL  ; User                 ;
; midSlaveRlyCtr     ; 5     ; 1        ; 1            ; 4            ; 3           ; 1                     ; 0                  ; no     ; no              ; no       ; Off          ; 3.3-V LVTTL  ; User                 ;
+--------------------+-------+----------+--------------+--------------+-------------+-----------------------+--------------------+--------+-----------------+----------+--------------+--------------+----------------------+


+--------------------------------------------------------------------------------------------------------------------------------------------------------------------------------------------------------------------------------------------------------------------------------------------+
; Output Pins                                                                                                                                                                                                                                                                                ;
+-----------------------+-------+----------+--------------+--------------+-------------+-----------------+----------------+-----------------+------------+---------------+----------+--------------+--------------+------------------+------------------------+----------------------+-------+
; Name                  ; Pin # ; I/O Bank ; X coordinate ; Y coordinate ; Cell number ; Output Register ; Slow Slew Rate ; PCI I/O Enabled ; Open Drain ; TRI Primitive ; Bus Hold ; Weak Pull Up ; I/O Standard ; Current Strength ; Fast Output Connection ; Location assigned by ; Load  ;
+-----------------------+-------+----------+--------------+--------------+-------------+-----------------+----------------+-----------------+------------+---------------+----------+--------------+--------------+------------------+------------------------+----------------------+-------+
; ACFanCtr              ; 52    ; 2        ; 8            ; 1            ; 4           ; no              ; no             ; no              ; no         ; no            ; no       ; Off          ; 3.3-V LVTTL  ; 16mA             ; no                     ; User                 ; 10 pF ;
; DCBreakCutoff         ; 51    ; 1        ; 7            ; 0            ; 0           ; no              ; no             ; no              ; no         ; no            ; no       ; Off          ; 3.3-V LVTTL  ; 16mA             ; no                     ; User                 ; 10 pF ;
; DriverPowCtr          ; 48    ; 1        ; 6            ; 0            ; 0           ; no              ; no             ; no              ; no         ; no            ; no       ; Off          ; 3.3-V LVTTL  ; 16mA             ; no                     ; User                 ; 10 pF ;
; EPWM_FAN_OUT          ; 53    ; 2        ; 8            ; 1            ; 3           ; no              ; no             ; no              ; no         ; no            ; no       ; Off          ; 3.3-V LVTTL  ; 16mA             ; no                     ; User                 ; 10 pF ;
; In_Node2              ; 4     ; 1        ; 1            ; 4            ; 2           ; no              ; no             ; no              ; no         ; no            ; no       ; Off          ; 3.3-V LVTTL  ; 16mA             ; no                     ; User                 ; 10 pF ;
; In_Node3              ; 3     ; 1        ; 1            ; 4            ; 1           ; no              ; no             ; no              ; no         ; no            ; no       ; Off          ; 3.3-V LVTTL  ; 16mA             ; no                     ; User                 ; 10 pF ;
; Lock                  ; 47    ; 1        ; 6            ; 0            ; 1           ; no              ; no             ; no              ; no         ; no            ; no       ; Off          ; 3.3-V LVTTL  ; 16mA             ; no                     ; User                 ; 10 pF ;
; MastRlyCtr            ; 49    ; 1        ; 7            ; 0            ; 2           ; no              ; no             ; no              ; no         ; no            ; no       ; Off          ; 3.3-V LVTTL  ; 16mA             ; no                     ; User                 ; 10 pF ;
; NGRelayCtr            ; 83    ; 2        ; 6            ; 5            ; 2           ; no              ; no             ; no              ; no         ; no            ; no       ; Off          ; 3.3-V LVTTL  ; 16mA             ; no                     ; User                 ; 10 pF ;
; Out_Node3             ; 54    ; 2        ; 8            ; 1            ; 2           ; no              ; no             ; no              ; no         ; no            ; no       ; Off          ; 3.3-V LVTTL  ; 16mA             ; no                     ; User                 ; 10 pF ;
; PGRelayCtr            ; 82    ; 2        ; 6            ; 5            ; 1           ; no              ; no             ; no              ; no         ; no            ; no       ; Off          ; 3.3-V LVTTL  ; 16mA             ; no                     ; User                 ; 10 pF ;
; Pin18Gnd              ; 18    ; 1        ; 1            ; 1            ; 0           ; no              ; no             ; no              ; no         ; no            ; no       ; Off          ; 3.3-V LVTTL  ; 16mA             ; no                     ; User                 ; 10 pF ;
; SlaveRlyCtr           ; 50    ; 1        ; 7            ; 0            ; 1           ; no              ; no             ; no              ; no         ; no            ; no       ; Off          ; 3.3-V LVTTL  ; 16mA             ; no                     ; User                 ; 10 pF ;
; Tz                    ; 66    ; 2        ; 8            ; 3            ; 3           ; no              ; no             ; no              ; no         ; no            ; no       ; Off          ; 3.3-V LVTTL  ; 16mA             ; no                     ; User                 ; 10 pF ;
; mid15VPower           ; 68    ; 2        ; 8            ; 3            ; 1           ; no              ; no             ; no              ; no         ; no            ; no       ; Off          ; 3.3-V LVTTL  ; 16mA             ; no                     ; User                 ; 10 pF ;
; midAuxBreakSta        ; 71    ; 2        ; 8            ; 4            ; 3           ; no              ; no             ; no              ; no         ; no            ; no       ; Off          ; 3.3-V LVTTL  ; 16mA             ; no                     ; User                 ; 10 pF ;
; midDCSwSta            ; 100   ; 2        ; 2            ; 5            ; 2           ; no              ; no             ; no              ; no         ; no            ; no       ; Off          ; 3.3-V LVTTL  ; 16mA             ; no                     ; User                 ; 10 pF ;
; midEmergnecyButtonSta ; 84    ; 2        ; 6            ; 5            ; 3           ; no              ; no             ; no              ; no         ; no            ; no       ; Off          ; 3.3-V LVTTL  ; 16mA             ; yes                    ; User                 ; 10 pF ;
; midIGBTHalt1          ; 81    ; 2        ; 6            ; 5            ; 0           ; no              ; no             ; no              ; no         ; no            ; no       ; Off          ; 3.3-V LVTTL  ; 16mA             ; no                     ; User                 ; 10 pF ;
; midIGBTHalt2          ; 87    ; 2        ; 5            ; 5            ; 2           ; no              ; no             ; no              ; no         ; no            ; no       ; Off          ; 3.3-V LVTTL  ; 16mA             ; no                     ; User                 ; 10 pF ;
; midIGBTHalt3          ; 86    ; 2        ; 5            ; 5            ; 1           ; no              ; no             ; no              ; no         ; no            ; no       ; Off          ; 3.3-V LVTTL  ; 16mA             ; yes                    ; User                 ; 10 pF ;
; midIn_Node4           ; 85    ; 2        ; 5            ; 5            ; 0           ; no              ; no             ; no              ; no         ; no            ; no       ; Off          ; 3.3-V LVTTL  ; 16mA             ; no                     ; User                 ; 10 pF ;
; midMstRltSta          ; 98    ; 2        ; 2            ; 5            ; 0           ; no              ; no             ; no              ; no         ; no            ; no       ; Off          ; 3.3-V LVTTL  ; 16mA             ; no                     ; User                 ; 10 pF ;
; midOCP                ; 69    ; 2        ; 8            ; 3            ; 0           ; no              ; no             ; no              ; no         ; no            ; no       ; Off          ; 3.3-V LVTTL  ; 16mA             ; no                     ; User                 ; 10 pF ;
; midOVP                ; 7     ; 1        ; 1            ; 3            ; 1           ; no              ; no             ; no              ; no         ; no            ; no       ; Off          ; 3.3-V LVTTL  ; 16mA             ; no                     ; User                 ; 10 pF ;
; midOut_Node1          ; 34    ; 1        ; 3            ; 0            ; 1           ; no              ; no             ; no              ; no         ; no            ; no       ; Off          ; 3.3-V LVTTL  ; 16mA             ; no                     ; User                 ; 10 pF ;
; midOut_Node2          ; 33    ; 1        ; 3            ; 0            ; 2           ; no              ; no             ; no              ; no         ; no            ; no       ; Off          ; 3.3-V LVTTL  ; 16mA             ; no                     ; User                 ; 10 pF ;
; midPWM1AO             ; 26    ; 1        ; 2            ; 0            ; 3           ; no              ; no             ; no              ; no         ; no            ; no       ; Off          ; 3.3-V LVTTL  ; 16mA             ; no                     ; User                 ; 10 pF ;
; midPWM1BO             ; 21    ; 1        ; 1            ; 1            ; 3           ; no              ; no             ; no              ; no         ; no            ; no       ; Off          ; 3.3-V LVTTL  ; 16mA             ; no                     ; User                 ; 10 pF ;
; midPWM2AO             ; 28    ; 1        ; 2            ; 0            ; 1           ; no              ; no             ; no              ; no         ; no            ; no       ; Off          ; 3.3-V LVTTL  ; 16mA             ; no                     ; User                 ; 10 pF ;
; midPWM2BO             ; 27    ; 1        ; 2            ; 0            ; 2           ; no              ; no             ; no              ; no         ; no            ; no       ; Off          ; 3.3-V LVTTL  ; 16mA             ; no                     ; User                 ; 10 pF ;
; midPWM3AO             ; 30    ; 1        ; 3            ; 0            ; 3           ; no              ; no             ; no              ; no         ; no            ; no       ; Off          ; 3.3-V LVTTL  ; 16mA             ; no                     ; User                 ; 10 pF ;
; midPWM3BO             ; 29    ; 1        ; 2            ; 0            ; 0           ; no              ; no             ; no              ; no         ; no            ; no       ; Off          ; 3.3-V LVTTL  ; 16mA             ; no                     ; User                 ; 10 pF ;
; misMCU_Sta            ; 99    ; 2        ; 2            ; 5            ; 1           ; no              ; no             ; no              ; no         ; no            ; no       ; Off          ; 3.3-V LVTTL  ; 16mA             ; no                     ; User                 ; 10 pF ;
+-----------------------+-------+----------+--------------+--------------+-------------+-----------------+----------------+-----------------+------------+---------------+----------+--------------+--------------+------------------+------------------------+----------------------+-------+


+------------------------------------------------------------+
; I/O Bank Usage                                             ;
+----------+------------------+---------------+--------------+
; I/O Bank ; Usage            ; VCCIO Voltage ; VREF Voltage ;
+----------+------------------+---------------+--------------+
; 1        ; 32 / 38 ( 84 % ) ; 3.3V          ; --           ;
; 2        ; 37 / 42 ( 88 % ) ; 3.3V          ; --           ;
+----------+------------------+---------------+--------------+


+-----------------------------------------------------------------------------------------------------------------------------------------------------+
; All Package Pins                                                                                                                                    ;
+----------+------------+----------+-----------------------+--------+--------------+---------+------------+-----------------+----------+--------------+
; Location ; Pad Number ; I/O Bank ; Pin Name/Usage        ; Dir.   ; I/O Standard ; Voltage ; I/O Type   ; User Assignment ; Bus Hold ; Weak Pull Up ;
+----------+------------+----------+-----------------------+--------+--------------+---------+------------+-----------------+----------+--------------+
; 1        ; 83         ; 2        ; Out_Node2             ; input  ; 3.3-V LVTTL  ;         ; Column I/O ; Y               ; no       ; Off          ;
; 2        ; 0          ; 1        ; Out_Node1             ; input  ; 3.3-V LVTTL  ;         ; Row I/O    ; Y               ; no       ; Off          ;
; 3        ; 1          ; 1        ; In_Node3              ; output ; 3.3-V LVTTL  ;         ; Row I/O    ; Y               ; no       ; Off          ;
; 4        ; 2          ; 1        ; In_Node2              ; output ; 3.3-V LVTTL  ;         ; Row I/O    ; Y               ; no       ; Off          ;
; 5        ; 3          ; 1        ; midSlaveRlyCtr        ; input  ; 3.3-V LVTTL  ;         ; Row I/O    ; Y               ; no       ; Off          ;
; 6        ; 4          ; 1        ; midMastRlyCtr         ; input  ; 3.3-V LVTTL  ;         ; Row I/O    ; Y               ; no       ; Off          ;
; 7        ; 5          ; 1        ; midOVP                ; output ; 3.3-V LVTTL  ;         ; Row I/O    ; Y               ; no       ; Off          ;
; 8        ; 6          ; 1        ; midACFanCtr           ; input  ; 3.3-V LVTTL  ;         ; Row I/O    ; Y               ; no       ; Off          ;
; 9        ;            ; 1        ; VCCIO1                ; power  ;              ; 3.3V    ; --         ;                 ; --       ; --           ;
; 10       ;            ;          ; GNDIO                 ; gnd    ;              ;         ; --         ;                 ; --       ; --           ;
; 11       ;            ;          ; GNDINT                ; gnd    ;              ;         ; --         ;                 ; --       ; --           ;
; 12       ; 7          ; 1        ; clk                   ; input  ; 3.3-V LVTTL  ;         ; Row I/O    ; Y               ; no       ; Off          ;
; 13       ;            ;          ; VCCINT                ; power  ;              ; 3.3V    ; --         ;                 ; --       ; --           ;
; 14       ; 8          ; 1        ; RESERVED_INPUT        ;        ;              ;         ; Row I/O    ;                 ; no       ; Off          ;
; 15       ; 9          ; 1        ; RESERVED_INPUT        ;        ;              ;         ; Row I/O    ;                 ; no       ; Off          ;
; 16       ; 10         ; 1        ; RESERVED_INPUT        ;        ;              ;         ; Row I/O    ;                 ; no       ; Off          ;
; 17       ; 11         ; 1        ; 15VPower              ; input  ; 3.3-V LVTTL  ;         ; Row I/O    ; Y               ; no       ; Off          ;
; 18       ; 12         ; 1        ; Pin18Gnd              ; output ; 3.3-V LVTTL  ;         ; Row I/O    ; Y               ; no       ; Off          ;
; 19       ; 13         ; 1        ; RESERVED_INPUT        ;        ;              ;         ; Row I/O    ;                 ; no       ; Off          ;
; 20       ; 14         ; 1        ; OVP                   ; input  ; 3.3-V LVTTL  ;         ; Row I/O    ; Y               ; no       ; Off          ;
; 21       ; 15         ; 1        ; midPWM1BO             ; output ; 3.3-V LVTTL  ;         ; Row I/O    ; Y               ; no       ; Off          ;
; 22       ; 16         ; 1        ; #TMS                  ; input  ;              ;         ; --         ;                 ; --       ; --           ;
; 23       ; 17         ; 1        ; #TDI                  ; input  ;              ;         ; --         ;                 ; --       ; --           ;
; 24       ; 18         ; 1        ; #TCK                  ; input  ;              ;         ; --         ;                 ; --       ; --           ;
; 25       ; 19         ; 1        ; #TDO                  ; output ;              ;         ; --         ;                 ; --       ; --           ;
; 26       ; 20         ; 1        ; midPWM1AO             ; output ; 3.3-V LVTTL  ;         ; Column I/O ; Y               ; no       ; Off          ;
; 27       ; 21         ; 1        ; midPWM2BO             ; output ; 3.3-V LVTTL  ;         ; Column I/O ; Y               ; no       ; Off          ;
; 28       ; 22         ; 1        ; midPWM2AO             ; output ; 3.3-V LVTTL  ;         ; Column I/O ; Y               ; no       ; Off          ;
; 29       ; 23         ; 1        ; midPWM3BO             ; output ; 3.3-V LVTTL  ;         ; Column I/O ; Y               ; no       ; Off          ;
; 30       ; 24         ; 1        ; midPWM3AO             ; output ; 3.3-V LVTTL  ;         ; Column I/O ; Y               ; no       ; Off          ;
; 31       ;            ; 1        ; VCCIO1                ; power  ;              ; 3.3V    ; --         ;                 ; --       ; --           ;
; 32       ;            ;          ; GNDIO                 ; gnd    ;              ;         ; --         ;                 ; --       ; --           ;
; 33       ; 25         ; 1        ; midOut_Node2          ; output ; 3.3-V LVTTL  ;         ; Column I/O ; Y               ; no       ; Off          ;
; 34       ; 26         ; 1        ; midOut_Node1          ; output ; 3.3-V LVTTL  ;         ; Column I/O ; Y               ; no       ; Off          ;
; 35       ; 27         ; 1        ; In_Node4              ; input  ; 3.3-V LVTTL  ;         ; Column I/O ; Y               ; no       ; Off          ;
; 36       ; 28         ; 1        ; midIn_Node3           ; input  ; 3.3-V LVTTL  ;         ; Column I/O ; Y               ; no       ; Off          ;
; 37       ; 29         ; 1        ; RESERVED_INPUT        ;        ;              ;         ; Column I/O ;                 ; no       ; Off          ;
; 38       ; 30         ; 1        ; midIn_Node2           ; input  ; 3.3-V LVTTL  ;         ; Column I/O ; Y               ; no       ; Off          ;
; 39       ; 31         ; 1        ; RESERVED_INPUT        ;        ;              ;         ; Column I/O ;                 ; no       ; Off          ;
; 40       ; 32         ; 1        ; DCSwSta               ; input  ; 3.3-V LVTTL  ;         ; Column I/O ; Y               ; no       ; Off          ;
; 41       ; 33         ; 1        ; IGBTHalt3             ; input  ; 3.3-V LVTTL  ;         ; Column I/O ; Y               ; no       ; Off          ;
; 42       ; 34         ; 1        ; IGBTHalt2             ; input  ; 3.3-V LVTTL  ;         ; Column I/O ; Y               ; no       ; Off          ;
; 43       ; 35         ; 1        ; EmergnecyButtonSta    ; input  ; 3.3-V LVTTL  ;         ; Column I/O ; Y               ; no       ; Off          ;
; 44       ; 36         ; 1        ; MasRlySta             ; input  ; 3.3-V LVTTL  ;         ; Column I/O ; Y               ; no       ; Off          ;
; 45       ;            ; 1        ; VCCIO1                ; power  ;              ; 3.3V    ; --         ;                 ; --       ; --           ;
; 46       ;            ;          ; GNDIO                 ; gnd    ;              ;         ; --         ;                 ; --       ; --           ;
; 47       ; 37         ; 1        ; Lock                  ; output ; 3.3-V LVTTL  ;         ; Column I/O ; Y               ; no       ; Off          ;
; 48       ; 38         ; 1        ; DriverPowCtr          ; output ; 3.3-V LVTTL  ;         ; Column I/O ; Y               ; no       ; Off          ;
; 49       ; 39         ; 1        ; MastRlyCtr            ; output ; 3.3-V LVTTL  ;         ; Column I/O ; Y               ; no       ; Off          ;
; 50       ; 40         ; 1        ; SlaveRlyCtr           ; output ; 3.3-V LVTTL  ;         ; Column I/O ; Y               ; no       ; Off          ;
; 51       ; 41         ; 1        ; DCBreakCutoff         ; output ; 3.3-V LVTTL  ;         ; Column I/O ; Y               ; no       ; Off          ;
; 52       ; 42         ; 2        ; ACFanCtr              ; output ; 3.3-V LVTTL  ;         ; Row I/O    ; Y               ; no       ; Off          ;
; 53       ; 43         ; 2        ; EPWM_FAN_OUT          ; output ; 3.3-V LVTTL  ;         ; Row I/O    ; Y               ; no       ; Off          ;
; 54       ; 44         ; 2        ; Out_Node3             ; output ; 3.3-V LVTTL  ;         ; Row I/O    ; Y               ; no       ; Off          ;
; 55       ; 45         ; 2        ; AuxBreakSta           ; input  ; 3.3-V LVTTL  ;         ; Row I/O    ; Y               ; no       ; Off          ;
; 56       ; 46         ; 2        ; OCP                   ; input  ; 3.3-V LVTTL  ;         ; Row I/O    ; Y               ; no       ; Off          ;
; 57       ; 47         ; 2        ; SGLimit               ; input  ; 3.3-V LVTTL  ;         ; Row I/O    ; Y               ; no       ; Off          ;
; 58       ; 48         ; 2        ; IGBTHalt1             ; input  ; 3.3-V LVTTL  ;         ; Row I/O    ; Y               ; no       ; Off          ;
; 59       ;            ; 2        ; VCCIO2                ; power  ;              ; 3.3V    ; --         ;                 ; --       ; --           ;
; 60       ;            ;          ; GNDIO                 ; gnd    ;              ;         ; --         ;                 ; --       ; --           ;
; 61       ; 49         ; 2        ; RESERVED_INPUT        ;        ;              ;         ; Row I/O    ;                 ; no       ; Off          ;
; 62       ; 50         ; 2        ; RESERVED_INPUT        ;        ;              ;         ; Row I/O    ;                 ; no       ; Off          ;
; 63       ;            ;          ; VCCINT                ; power  ;              ; 3.3V    ; --         ;                 ; --       ; --           ;
; 64       ; 51         ; 2        ; MCU_Sta               ; input  ; 3.3-V LVTTL  ;         ; Row I/O    ; Y               ; no       ; Off          ;
; 65       ;            ;          ; GNDINT                ; gnd    ;              ;         ; --         ;                 ; --       ; --           ;
; 66       ; 52         ; 2        ; Tz                    ; output ; 3.3-V LVTTL  ;         ; Row I/O    ; Y               ; no       ; Off          ;
; 67       ; 53         ; 2        ; EPWM6B                ; input  ; 3.3-V LVTTL  ;         ; Row I/O    ; Y               ; no       ; Off          ;
; 68       ; 54         ; 2        ; mid15VPower           ; output ; 3.3-V LVTTL  ;         ; Row I/O    ; Y               ; no       ; Off          ;
; 69       ; 55         ; 2        ; midOCP                ; output ; 3.3-V LVTTL  ;         ; Row I/O    ; Y               ; no       ; Off          ;
; 70       ; 56         ; 2        ; EPWM5A                ; input  ; 3.3-V LVTTL  ;         ; Row I/O    ; Y               ; no       ; Off          ;
; 71       ; 57         ; 2        ; midAuxBreakSta        ; output ; 3.3-V LVTTL  ;         ; Row I/O    ; Y               ; no       ; Off          ;
; 72       ; 58         ; 2        ; RESERVED_INPUT        ;        ;              ;         ; Row I/O    ;                 ; no       ; Off          ;
; 73       ; 59         ; 2        ; EPWM3B                ; input  ; 3.3-V LVTTL  ;         ; Row I/O    ; Y               ; no       ; Off          ;
; 74       ; 60         ; 2        ; EPWM3A                ; input  ; 3.3-V LVTTL  ;         ; Row I/O    ; Y               ; no       ; Off          ;
; 75       ; 61         ; 2        ; EPWM2B                ; input  ; 3.3-V LVTTL  ;         ; Column I/O ; Y               ; no       ; Off          ;
; 76       ; 62         ; 2        ; EPWM2A                ; input  ; 3.3-V LVTTL  ;         ; Column I/O ; Y               ; no       ; Off          ;
; 77       ; 63         ; 2        ; EPWM1B                ; input  ; 3.3-V LVTTL  ;         ; Column I/O ; Y               ; no       ; Off          ;
; 78       ; 64         ; 2        ; EPWM1A                ; input  ; 3.3-V LVTTL  ;         ; Column I/O ; Y               ; no       ; Off          ;
; 79       ;            ;          ; GNDIO                 ; gnd    ;              ;         ; --         ;                 ; --       ; --           ;
; 80       ;            ; 2        ; VCCIO2                ; power  ;              ; 3.3V    ; --         ;                 ; --       ; --           ;
; 81       ; 65         ; 2        ; midIGBTHalt1          ; output ; 3.3-V LVTTL  ;         ; Column I/O ; Y               ; no       ; Off          ;
; 82       ; 66         ; 2        ; PGRelayCtr            ; output ; 3.3-V LVTTL  ;         ; Column I/O ; Y               ; no       ; Off          ;
; 83       ; 67         ; 2        ; NGRelayCtr            ; output ; 3.3-V LVTTL  ;         ; Column I/O ; Y               ; no       ; Off          ;
; 84       ; 68         ; 2        ; midEmergnecyButtonSta ; output ; 3.3-V LVTTL  ;         ; Column I/O ; Y               ; no       ; Off          ;
; 85       ; 69         ; 2        ; midIn_Node4           ; output ; 3.3-V LVTTL  ;         ; Column I/O ; Y               ; no       ; Off          ;
; 86       ; 70         ; 2        ; midIGBTHalt3          ; output ; 3.3-V LVTTL  ;         ; Column I/O ; Y               ; no       ; Off          ;
; 87       ; 71         ; 2        ; midIGBTHalt2          ; output ; 3.3-V LVTTL  ;         ; Column I/O ; Y               ; no       ; Off          ;
; 88       ; 72         ; 2        ; RESERVED_INPUT        ;        ;              ;         ; Column I/O ;                 ; no       ; Off          ;
; 89       ; 73         ; 2        ; midOut_Node3          ; input  ; 3.3-V LVTTL  ;         ; Column I/O ; Y               ; no       ; Off          ;
; 90       ; 74         ; 2        ; RESERVED_INPUT        ;        ;              ;         ; Column I/O ;                 ; no       ; Off          ;
; 91       ; 75         ; 2        ; midDCBraskCutoff      ; input  ; 3.3-V LVTTL  ;         ; Column I/O ; Y               ; no       ; Off          ;
; 92       ; 76         ; 2        ; midNGR_Ctr            ; input  ; 3.3-V LVTTL  ;         ; Column I/O ; Y               ; no       ; Off          ;
; 93       ;            ;          ; GNDIO                 ; gnd    ;              ;         ; --         ;                 ; --       ; --           ;
; 94       ;            ; 2        ; VCCIO2                ; power  ;              ; 3.3V    ; --         ;                 ; --       ; --           ;
; 95       ; 77         ; 2        ; midPGR_Ctr            ; input  ; 3.3-V LVTTL  ;         ; Column I/O ; Y               ; no       ; Off          ;
; 96       ; 78         ; 2        ; Unlock                ; input  ; 3.3-V LVTTL  ;         ; Column I/O ; Y               ; no       ; Off          ;
; 97       ; 79         ; 2        ; midDirverPowCtr       ; input  ; 3.3-V LVTTL  ;         ; Column I/O ; Y               ; no       ; Off          ;
; 98       ; 80         ; 2        ; midMstRltSta          ; output ; 3.3-V LVTTL  ;         ; Column I/O ; Y               ; no       ; Off          ;
; 99       ; 81         ; 2        ; misMCU_Sta            ; output ; 3.3-V LVTTL  ;         ; Column I/O ; Y               ; no       ; Off          ;
; 100      ; 82         ; 2        ; midDCSwSta            ; output ; 3.3-V LVTTL  ;         ; Column I/O ; Y               ; no       ; Off          ;
+----------+------------+----------+-----------------------+--------+--------------+---------+------------+-----------------+----------+--------------+
Note: Pin directions (input, output or bidir) are based on device operating in user mode.


+-------------------------------------------------------------+
; Output Pin Default Load For Reported TCO                    ;
+----------------------------+-------+------------------------+
; I/O Standard               ; Load  ; Termination Resistance ;
+----------------------------+-------+------------------------+
; 3.3-V LVTTL                ; 10 pF ; Not Available          ;
; 3.3-V LVCMOS               ; 10 pF ; Not Available          ;
; 2.5 V                      ; 10 pF ; Not Available          ;
; 1.8 V                      ; 10 pF ; Not Available          ;
; 1.5 V                      ; 10 pF ; Not Available          ;
; 3.3V Schmitt Trigger Input ; 10 pF ; Not Available          ;
; 2.5V Schmitt Trigger Input ; 10 pF ; Not Available          ;
+----------------------------+-------+------------------------+
Note: User assignments will override these defaults. The user specified values are listed in the Output Pins and Bidir Pins tables.


+-------------------------------------------------------------------------------------------------------------------------------------------------------------------------------------------------------------------------+
; Fitter Resource Utilization by Entity                                                                                                                                                                                   ;
+----------------------------+-------------+--------------+------------+------+--------------+--------------+-------------------+------------------+-----------------+------------+------------------------+--------------+
; Compilation Hierarchy Node ; Logic Cells ; LC Registers ; UFM Blocks ; Pins ; Virtual Pins ; LUT-Only LCs ; Register-Only LCs ; LUT/Register LCs ; Carry Chain LCs ; Packed LCs ; Full Hierarchy Name    ; Library Name ;
+----------------------------+-------------+--------------+------------+------+--------------+--------------+-------------------+------------------+-----------------+------------+------------------------+--------------+
; |inv                       ; 204 (9)     ; 137          ; 0          ; 69   ; 0            ; 67 (1)       ; 36 (0)            ; 101 (8)          ; 40 (0)          ; 0 (0)      ; |inv                   ; work         ;
;    |ENINVPWM:inst1|        ; 3 (3)       ; 3            ; 0          ; 0    ; 0            ; 0 (0)        ; 1 (1)             ; 2 (2)            ; 0 (0)           ; 0 (0)      ; |inv|ENINVPWM:inst1    ; work         ;
;    |ENINVPWM:inst2|        ; 3 (3)       ; 3            ; 0          ; 0    ; 0            ; 0 (0)        ; 1 (1)             ; 2 (2)            ; 0 (0)           ; 0 (0)      ; |inv|ENINVPWM:inst2    ; work         ;
;    |ENINVPWM:inst3|        ; 3 (3)       ; 3            ; 0          ; 0    ; 0            ; 0 (0)        ; 1 (1)             ; 2 (2)            ; 0 (0)           ; 0 (0)      ; |inv|ENINVPWM:inst3    ; work         ;
;    |ENINVPWM:inst4|        ; 3 (3)       ; 3            ; 0          ; 0    ; 0            ; 0 (0)        ; 1 (1)             ; 2 (2)            ; 0 (0)           ; 0 (0)      ; |inv|ENINVPWM:inst4    ; work         ;
;    |ENINVPWM:inst5|        ; 3 (3)       ; 3            ; 0          ; 0    ; 0            ; 0 (0)        ; 1 (1)             ; 2 (2)            ; 0 (0)           ; 0 (0)      ; |inv|ENINVPWM:inst5    ; work         ;
;    |ENINVPWM:inst|         ; 3 (3)       ; 3            ; 0          ; 0    ; 0            ; 0 (0)        ; 1 (1)             ; 2 (2)            ; 0 (0)           ; 0 (0)      ; |inv|ENINVPWM:inst     ; work         ;
;    |Filter10us:inst30|     ; 16 (16)     ; 12           ; 0          ; 0    ; 0            ; 4 (4)        ; 3 (3)             ; 9 (9)            ; 7 (7)           ; 0 (0)      ; |inv|Filter10us:inst30 ; work         ;
;    |Filter1us:inst42|      ; 19 (19)     ; 9            ; 0          ; 0    ; 0            ; 10 (10)      ; 3 (3)             ; 6 (6)            ; 4 (4)           ; 0 (0)      ; |inv|Filter1us:inst42  ; work         ;
;    |Filter1us:inst46|      ; 19 (19)     ; 9            ; 0          ; 0    ; 0            ; 10 (10)      ; 2 (2)             ; 7 (7)            ; 4 (4)           ; 0 (0)      ; |inv|Filter1us:inst46  ; work         ;
;    |Filter1us:inst47|      ; 19 (19)     ; 9            ; 0          ; 0    ; 0            ; 10 (10)      ; 2 (2)             ; 7 (7)            ; 4 (4)           ; 0 (0)      ; |inv|Filter1us:inst47  ; work         ;
;    |Filter1us:inst48|      ; 19 (19)     ; 9            ; 0          ; 0    ; 0            ; 10 (10)      ; 2 (2)             ; 7 (7)            ; 4 (4)           ; 0 (0)      ; |inv|Filter1us:inst48  ; work         ;
;    |Filter1us:inst54|      ; 19 (19)     ; 9            ; 0          ; 0    ; 0            ; 10 (10)      ; 2 (2)             ; 7 (7)            ; 4 (4)           ; 0 (0)      ; |inv|Filter1us:inst54  ; work         ;
;    |Filter1us:inst58|      ; 19 (19)     ; 9            ; 0          ; 0    ; 0            ; 10 (10)      ; 2 (2)             ; 7 (7)            ; 4 (4)           ; 0 (0)      ; |inv|Filter1us:inst58  ; work         ;
;    |ILIMIT50US:inst18|     ; 16 (16)     ; 14           ; 0          ; 0    ; 0            ; 2 (2)        ; 1 (1)             ; 13 (13)          ; 9 (9)           ; 0 (0)      ; |inv|ILIMIT50US:inst18 ; work         ;
;    |and4sync:inst10|       ; 5 (5)       ; 5            ; 0          ; 0    ; 0            ; 0 (0)        ; 2 (2)             ; 3 (3)            ; 0 (0)           ; 0 (0)      ; |inv|and4sync:inst10   ; work         ;
;    |and4sync:inst16|       ; 7 (7)       ; 7            ; 0          ; 0    ; 0            ; 0 (0)        ; 2 (2)             ; 5 (5)            ; 0 (0)           ; 0 (0)      ; |inv|and4sync:inst16   ; work         ;
;    |and4sync:inst7|        ; 9 (9)       ; 9            ; 0          ; 0    ; 0            ; 0 (0)        ; 4 (4)             ; 5 (5)            ; 0 (0)           ; 0 (0)      ; |inv|and4sync:inst7    ; work         ;
;    |and4sync:inst9|        ; 7 (7)       ; 7            ; 0          ; 0    ; 0            ; 0 (0)        ; 3 (3)             ; 4 (4)            ; 0 (0)           ; 0 (0)      ; |inv|and4sync:inst9    ; work         ;
;    |signalsync:inst22|     ; 3 (3)       ; 3            ; 0          ; 0    ; 0            ; 0 (0)        ; 2 (2)             ; 1 (1)            ; 0 (0)           ; 0 (0)      ; |inv|signalsync:inst22 ; work         ;
+----------------------------+-------------+--------------+------------+------+--------------+--------------+-------------------+------------------+-----------------+------------+------------------------+--------------+
Note: For table entries with two numbers listed, the numbers in parentheses indicate the number of resources of the given type used by the specific entity alone. The numbers listed outside of parentheses indicate the total resources of the given type used by the specific entity and all of its sub-entities in the hierarchy.


+--------------------------------------------------+
; Delay Chain Summary                              ;
+-----------------------+----------+---------------+
; Name                  ; Pin Type ; Pad to Core 0 ;
+-----------------------+----------+---------------+
; EPWM5A                ; Input    ; 1             ;
; AuxBreakSta           ; Input    ; 1             ;
; DCSwSta               ; Input    ; 1             ;
; MasRlySta             ; Input    ; 1             ;
; midDirverPowCtr       ; Input    ; 1             ;
; midPGR_Ctr            ; Input    ; 1             ;
; midNGR_Ctr            ; Input    ; 1             ;
; midDCBraskCutoff      ; Input    ; 1             ;
; Out_Node1             ; Input    ; 1             ;
; Out_Node2             ; Input    ; 1             ;
; In_Node4              ; Input    ; 1             ;
; midMastRlyCtr         ; Input    ; 1             ;
; MCU_Sta               ; Input    ; 1             ;
; midSlaveRlyCtr        ; Input    ; 1             ;
; midACFanCtr           ; Input    ; 1             ;
; midOut_Node3          ; Input    ; 1             ;
; midIn_Node2           ; Input    ; 1             ;
; midIn_Node3           ; Input    ; 1             ;
; clk                   ; Input    ; 0             ;
; EPWM1A                ; Input    ; 1             ;
; EPWM1B                ; Input    ; 1             ;
; EPWM2A                ; Input    ; 1             ;
; EPWM3A                ; Input    ; 1             ;
; EPWM2B                ; Input    ; 1             ;
; EPWM3B                ; Input    ; 1             ;
; EPWM6B                ; Input    ; 1             ;
; Unlock                ; Input    ; 1             ;
; 15VPower              ; Input    ; 1             ;
; EmergnecyButtonSta    ; Input    ; 1             ;
; IGBTHalt3             ; Input    ; 1             ;
; IGBTHalt2             ; Input    ; 1             ;
; IGBTHalt1             ; Input    ; 1             ;
; OVP                   ; Input    ; 1             ;
; OCP                   ; Input    ; 1             ;
; SGLimit               ; Input    ; 1             ;
; midPWM1AO             ; Output   ; --            ;
; midPWM1BO             ; Output   ; --            ;
; midPWM2AO             ; Output   ; --            ;
; midPWM3AO             ; Output   ; --            ;
; midPWM2BO             ; Output   ; --            ;
; midPWM3BO             ; Output   ; --            ;
; Tz                    ; Output   ; --            ;
; EPWM_FAN_OUT          ; Output   ; --            ;
; midAuxBreakSta        ; Output   ; --            ;
; midDCSwSta            ; Output   ; --            ;
; midMstRltSta          ; Output   ; --            ;
; DriverPowCtr          ; Output   ; --            ;
; PGRelayCtr            ; Output   ; --            ;
; NGRelayCtr            ; Output   ; --            ;
; DCBreakCutoff         ; Output   ; --            ;
; mid15VPower           ; Output   ; --            ;
; midEmergnecyButtonSta ; Output   ; --            ;
; midIGBTHalt3          ; Output   ; --            ;
; midIGBTHalt2          ; Output   ; --            ;
; midIGBTHalt1          ; Output   ; --            ;
; midOVP                ; Output   ; --            ;
; midOCP                ; Output   ; --            ;
; Lock                  ; Output   ; --            ;
; midOut_Node1          ; Output   ; --            ;
; midOut_Node2          ; Output   ; --            ;
; Pin18Gnd              ; Output   ; --            ;
; midIn_Node4           ; Output   ; --            ;
; MastRlyCtr            ; Output   ; --            ;
; misMCU_Sta            ; Output   ; --            ;
; SlaveRlyCtr           ; Output   ; --            ;
; ACFanCtr              ; Output   ; --            ;
; Out_Node3             ; Output   ; --            ;
; In_Node2              ; Output   ; --            ;
; In_Node3              ; Output   ; --            ;
+-----------------------+----------+---------------+


+--------------------------------------------------------------------------------------------------------------------------------+
; Control Signals                                                                                                                ;
+--------------------------------------+-------------+---------+--------------+--------+----------------------+------------------+
; Name                                 ; Location    ; Fan-Out ; Usage        ; Global ; Global Resource Used ; Global Line Name ;
+--------------------------------------+-------------+---------+--------------+--------+----------------------+------------------+
; Filter10us:inst30|Countupdown[5]~473 ; LC_X5_Y4_N5 ; 8       ; Clock enable ; no     ; --                   ; --               ;
; Filter10us:inst30|out_put            ; LC_X5_Y4_N1 ; 4       ; Async. load  ; no     ; --                   ; --               ;
; Filter1us:inst42|out_put             ; LC_X5_Y2_N0 ; 4       ; Async. load  ; no     ; --                   ; --               ;
; Filter1us:inst46|out_put             ; LC_X6_Y4_N5 ; 4       ; Async. load  ; no     ; --                   ; --               ;
; Filter1us:inst47|out_put             ; LC_X3_Y4_N5 ; 4       ; Async. load  ; no     ; --                   ; --               ;
; Filter1us:inst48|out_put             ; LC_X5_Y1_N9 ; 4       ; Async. load  ; no     ; --                   ; --               ;
; Filter1us:inst54|out_put             ; LC_X3_Y2_N2 ; 4       ; Async. load  ; no     ; --                   ; --               ;
; Filter1us:inst58|out_put             ; LC_X7_Y2_N2 ; 4       ; Async. load  ; no     ; --                   ; --               ;
; ILIMIT50US:inst18|current_st         ; LC_X4_Y3_N4 ; 11      ; Sync. clear  ; no     ; --                   ; --               ;
; and4sync:inst10|out_put              ; LC_X6_Y3_N4 ; 1       ; Async. load  ; no     ; --                   ; --               ;
; clk                                  ; PIN_12      ; 129     ; Clock        ; yes    ; Global Clock         ; GCLK0            ;
; signalsync:inst22|out_put            ; LC_X3_Y3_N7 ; 8       ; Async. clear ; yes    ; Global Clock         ; GCLK3            ;
+--------------------------------------+-------------+---------+--------------+--------+----------------------+------------------+


+---------------------------------------------------------------------------------------------+
; Global & Other Fast Signals                                                                 ;
+---------------------------+-------------+---------+----------------------+------------------+
; Name                      ; Location    ; Fan-Out ; Global Resource Used ; Global Line Name ;
+---------------------------+-------------+---------+----------------------+------------------+
; clk                       ; PIN_12      ; 129     ; Global Clock         ; GCLK0            ;
; signalsync:inst22|out_put ; LC_X3_Y3_N7 ; 8       ; Global Clock         ; GCLK3            ;
+---------------------------+-------------+---------+----------------------+------------------+


+------------------------------------------------+
; Non-Global High Fan-Out Signals                ;
+--------------------------------------+---------+
; Name                                 ; Fan-Out ;
+--------------------------------------+---------+
; ILIMIT50US:inst18|current_st         ; 11      ;
; Filter10us:inst30|z0                 ; 9       ;
; Filter1us:inst54|z0                  ; 8       ;
; Filter10us:inst30|Countupdown[5]~473 ; 8       ;
; Filter1us:inst42|z0                  ; 8       ;
; Filter1us:inst58|z0                  ; 7       ;
; Filter1us:inst54|Countupdown[0]      ; 7       ;
; Filter1us:inst48|z0                  ; 7       ;
; Filter1us:inst47|z0                  ; 7       ;
; Filter1us:inst46|z0                  ; 7       ;
; Filter1us:inst42|Countupdown[0]      ; 7       ;
; Filter1us:inst58|Countupdown[0]      ; 6       ;
; Filter1us:inst58|Countupdown[1]      ; 6       ;
; Filter1us:inst54|Countupdown[1]      ; 6       ;
; Filter1us:inst48|Countupdown[0]      ; 6       ;
; Filter1us:inst48|Countupdown[1]      ; 6       ;
; Filter1us:inst47|Countupdown[0]      ; 6       ;
; Filter1us:inst47|Countupdown[1]      ; 6       ;
; Filter1us:inst46|Countupdown[0]      ; 6       ;
; Filter1us:inst46|Countupdown[1]      ; 6       ;
; Filter1us:inst42|Countupdown[1]      ; 6       ;
; and4sync:inst16|out_put              ; 6       ;
; Filter1us:inst58|Countupdown[2]      ; 5       ;
; Filter1us:inst54|Countupdown[2]      ; 5       ;
; Filter1us:inst48|Countupdown[2]      ; 5       ;
; Filter1us:inst47|Countupdown[2]      ; 5       ;
; Filter1us:inst46|Countupdown[2]      ; 5       ;
; Filter1us:inst42|Countupdown[2]      ; 5       ;
; ILIMIT50US:inst18|COUNT1[4]~143      ; 4       ;
; Filter1us:inst58|Countupdown[3]      ; 4       ;
; Filter1us:inst54|Countupdown[3]      ; 4       ;
; Filter1us:inst48|Countupdown[3]      ; 4       ;
; Filter1us:inst47|Countupdown[3]      ; 4       ;
; Filter1us:inst46|Countupdown[3]      ; 4       ;
; Filter1us:inst42|Countupdown[3]      ; 4       ;
; Filter1us:inst58|out_put             ; 4       ;
; Filter1us:inst54|out_put             ; 4       ;
; Filter1us:inst48|out_put             ; 4       ;
; Filter1us:inst47|out_put             ; 4       ;
; Filter1us:inst46|out_put             ; 4       ;
; Filter10us:inst30|out_put            ; 4       ;
; Filter1us:inst42|out_put             ; 4       ;
; inst15                               ; 4       ;
; ILIMIT50US:inst18|LessThan0~106      ; 3       ;
; ILIMIT50US:inst18|midSGlimit         ; 3       ;
; Filter1us:inst58|Countupdown[3]~729  ; 3       ;
; Filter1us:inst54|Countupdown[3]~728  ; 3       ;
; Filter1us:inst48|Countupdown[3]~729  ; 3       ;
; Filter1us:inst47|Countupdown[2]~729  ; 3       ;
; Filter1us:inst46|Countupdown[0]~729  ; 3       ;
+--------------------------------------+---------+


+-------------------------------------------------+
; Interconnect Usage Summary                      ;
+----------------------------+--------------------+
; Interconnect Resource Type ; Usage              ;
+----------------------------+--------------------+
; C4s                        ; 64 / 784 ( 8 % )   ;
; Direct links               ; 67 / 888 ( 8 % )   ;
; Global clocks              ; 2 / 4 ( 50 % )     ;
; LAB clocks                 ; 10 / 32 ( 31 % )   ;
; LUT chains                 ; 4 / 216 ( 2 % )    ;
; Local interconnects        ; 148 / 888 ( 17 % ) ;
; R4s                        ; 58 / 704 ( 8 % )   ;
+----------------------------+--------------------+


+---------------------------------------------------------------------------+
; LAB Logic Elements                                                        ;
+--------------------------------------------+------------------------------+
; Number of Logic Elements  (Average = 9.27) ; Number of LABs  (Total = 22) ;
+--------------------------------------------+------------------------------+
; 1                                          ; 1                            ;
; 2                                          ; 0                            ;
; 3                                          ; 0                            ;
; 4                                          ; 0                            ;
; 5                                          ; 0                            ;
; 6                                          ; 0                            ;
; 7                                          ; 0                            ;
; 8                                          ; 1                            ;
; 9                                          ; 5                            ;
; 10                                         ; 15                           ;
+--------------------------------------------+------------------------------+


+-------------------------------------------------------------------+
; LAB-wide Signals                                                  ;
+------------------------------------+------------------------------+
; LAB-wide Signals  (Average = 1.64) ; Number of LABs  (Total = 22) ;
+------------------------------------+------------------------------+
; 1 Async. clear                     ; 7                            ;
; 1 Async. load                      ; 5                            ;
; 1 Clock                            ; 22                           ;
; 1 Clock enable                     ; 1                            ;
; 1 Sync. clear                      ; 1                            ;
+------------------------------------+------------------------------+


+----------------------------------------------------------------------------+
; LAB Signals Sourced                                                        ;
+---------------------------------------------+------------------------------+
; Number of Signals Sourced  (Average = 9.27) ; Number of LABs  (Total = 22) ;
+---------------------------------------------+------------------------------+
; 0                                           ; 0                            ;
; 1                                           ; 1                            ;
; 2                                           ; 0                            ;
; 3                                           ; 0                            ;
; 4                                           ; 0                            ;
; 5                                           ; 0                            ;
; 6                                           ; 0                            ;
; 7                                           ; 0                            ;
; 8                                           ; 1                            ;
; 9                                           ; 5                            ;
; 10                                          ; 15                           ;
+---------------------------------------------+------------------------------+


+--------------------------------------------------------------------------------+
; LAB Signals Sourced Out                                                        ;
+-------------------------------------------------+------------------------------+
; Number of Signals Sourced Out  (Average = 4.73) ; Number of LABs  (Total = 22) ;
+-------------------------------------------------+------------------------------+
; 0                                               ; 0                            ;
; 1                                               ; 1                            ;
; 2                                               ; 1                            ;
; 3                                               ; 3                            ;
; 4                                               ; 2                            ;
; 5                                               ; 10                           ;
; 6                                               ; 1                            ;
; 7                                               ; 4                            ;
+-------------------------------------------------+------------------------------+


+----------------------------------------------------------------------------+
; LAB Distinct Inputs                                                        ;
+---------------------------------------------+------------------------------+
; Number of Distinct Inputs  (Average = 6.27) ; Number of LABs  (Total = 22) ;
+---------------------------------------------+------------------------------+
; 0                                           ; 0                            ;
; 1                                           ; 0                            ;
; 2                                           ; 1                            ;
; 3                                           ; 2                            ;
; 4                                           ; 0                            ;
; 5                                           ; 4                            ;
; 6                                           ; 5                            ;
; 7                                           ; 5                            ;
; 8                                           ; 2                            ;
; 9                                           ; 1                            ;
; 10                                          ; 2                            ;
+---------------------------------------------+------------------------------+


+--------------------------------------------------------------------+
; Fitter Device Options                                              ;
+----------------------------------------------+---------------------+
; Option                                       ; Setting             ;
+----------------------------------------------+---------------------+
; Enable user-supplied start-up clock (CLKUSR) ; Off                 ;
; Enable device-wide reset (DEV_CLRn)          ; Off                 ;
; Enable device-wide output enable (DEV_OE)    ; Off                 ;
; Enable INIT_DONE output                      ; Off                 ;
; Configuration scheme                         ; Passive Serial      ;
; Reserve all unused pins                      ; As input tri-stated ;
; Base pin-out file on sameframe device        ; Off                 ;
+----------------------------------------------+---------------------+


+-----------------+
; Fitter Messages ;
+-----------------+
Info: *******************************************************************
Info: Running Quartus II Fitter
    Info: Version 7.2 Build 151 09/26/2007 SJ Full Version
    Info: Processing started: Mon Oct 14 15:47:55 2013
Info: Command: quartus_fit --read_settings_files=off --write_settings_files=off inv -c inv
Info: Selected device EPM240T100I5 for design "inv"
Info: Low junction temperature is -40 degrees C
Info: High junction temperature is 100 degrees C
Info: Fitter is performing a Standard Fit compilation using maximum Fitter effort to optimize design performance
Info: Device migration not selected. If you intend to use device migration later, you may need to change the pin assignments as they may be incompatible with other devices
    Info: Device EPM240T100C5 is compatible
    Info: Device EPM570T100C5 is compatible
    Info: Device EPM570T100I5 is compatible
Info: Fitter is using the Classic Timing Analyzer
Info: Detected fmax, tsu, tco, and/or tpd requirements -- optimizing circuit to achieve only the specified requirements
Info: Completed User Assigned Global Signals Promotion Operation
Info: Promoted pin "clk" with Global Signal logic option assignment
    Info: Assigned pin "clk" to location PIN 12
    Info: Fan-outs that use the Global signal logic option setting Global clock are assigned to the entire device
Info: Automatically promoted signal "signalsync:inst22|out_put" to use Global clock
Info: Completed Auto Global Promotion Operation
Info: Starting register packing
Info: Fitter is using Normal packing mode for logic elements with Auto setting for Auto Packed Registers logic option
Info: Started processing fast register assignments
Info: Finished processing fast register assignments
Info: Finished register packing: elapsed time is 00:00:00
Info: Fitter placement preparation operations beginning
Info: Fitter placement preparation operations ending: elapsed time is 00:00:01
Info: Fitter placement operations beginning
Info: Fitter placement was successful
Info: Fitter placement operations ending: elapsed time is 00:00:00
Info: Estimated most critical path is register to register delay of 7.479 ns
    Info: 1: + IC(0.000 ns) + CELL(0.000 ns) = 0.000 ns; Loc. = LAB_X5_Y3; Fanout = 4; REG Node = 'ILIMIT50US:inst18|COUNT1[5]'
    Info: 2: + IC(1.557 ns) + CELL(0.200 ns) = 1.757 ns; Loc. = LAB_X6_Y3; Fanout = 1; COMB Node = 'ILIMIT50US:inst18|LessThan0~105'
    Info: 3: + IC(0.666 ns) + CELL(0.914 ns) = 3.337 ns; Loc. = LAB_X5_Y3; Fanout = 5; COMB Node = 'ILIMIT50US:inst18|LessThan0~106'
    Info: 4: + IC(0.770 ns) + CELL(0.978 ns) = 5.085 ns; Loc. = LAB_X5_Y3; Fanout = 2; COMB Node = 'ILIMIT50US:inst18|COUNT1[0]~155'
    Info: 5: + IC(0.000 ns) + CELL(0.123 ns) = 5.208 ns; Loc. = LAB_X5_Y3; Fanout = 2; COMB Node = 'ILIMIT50US:inst18|COUNT1[1]~153'
    Info: 6: + IC(0.000 ns) + CELL(0.123 ns) = 5.331 ns; Loc. = LAB_X5_Y3; Fanout = 2; COMB Node = 'ILIMIT50US:inst18|COUNT1[2]~139'
    Info: 7: + IC(0.000 ns) + CELL(0.123 ns) = 5.454 ns; Loc. = LAB_X5_Y3; Fanout = 2; COMB Node = 'ILIMIT50US:inst18|COUNT1[3]~141'
    Info: 8: + IC(0.000 ns) + CELL(0.399 ns) = 5.853 ns; Loc. = LAB_X5_Y3; Fanout = 4; COMB Node = 'ILIMIT50US:inst18|COUNT1[4]~143'
    Info: 9: + IC(0.000 ns) + CELL(1.626 ns) = 7.479 ns; Loc. = LAB_X5_Y3; Fanout = 4; REG Node = 'ILIMIT50US:inst18|COUNT1[6]'
    Info: Total cell delay = 4.486 ns ( 59.98 % )
    Info: Total interconnect delay = 2.993 ns ( 40.02 % )
Info: Fitter routing operations beginning
Info: Average interconnect usage is 9% of the available device resources
    Info: Peak interconnect usage is 9% of the available device resources in the region that extends from location X0_Y0 to location X8_Y5
Info: Fitter routing operations ending: elapsed time is 00:00:00
Warning: Following 1 pins have nothing, GND, or VCC driving datain port -- changes to this connectivity may change fitting results
    Info: Pin Pin18Gnd has GND driving its datain port
Info: Generated suppressed messages file F:/svn/CPLD/PCS/code/Trunk/PCS_CPLD/9.0030.010801/inv.fit.smsg
Info: Quartus II Fitter was successful. 0 errors, 1 warning
    Info: Allocated 165 megabytes of memory during processing
    Info: Processing ended: Mon Oct 14 15:47:58 2013
    Info: Elapsed time: 00:00:03


+----------------------------+
; Fitter Suppressed Messages ;
+----------------------------+
The suppressed messages can be found in F:/svn/CPLD/PCS/code/Trunk/PCS_CPLD/9.0030.010801/inv.fit.smsg.


